<?xml version="1.0" encoding="UTF-8"?>
<!-- Generated by org.testng.reporters.JUnitXMLReporter -->
<testsuite ignored="0" hostname="DrunkenHigh" failures="0" tests="6" name="Command line test" time="0.091" errors="0" timestamp="2022-04-11T03:26:54 IST">
  <testcase classname="qaclickacademy.AppiumTest" name="IOSapp" time="0.009"/>
  <testcase classname="qaclickacademy.AppiumTest" name="NativeAndroidapp" time="0.001"/>
  <testcase classname="qaclickacademy.RestAPITest" name="Deletetwitter" time="0.001"/>
  <testcase classname="qaclickacademy.RestAPITest" name="postjira" time="0.003"/>
  <testcase classname="qaclickacademy.SeleniumTest" name="Browserautomation" time="0.001"/>
  <testcase classname="qaclickacademy.SeleniumTest" name="elementsUI" time="0.001"/>
</testsuite> <!-- Command line test -->
