<?xml version="1.0" encoding="UTF-8"?>
<!-- Generated by org.testng.reporters.JUnitXMLReporter -->
<testsuite ignored="0" hostname="DrunkenHigh" failures="0" tests="4" name="Test" time="0.119" errors="0" timestamp="2022-04-11T03:28:10 IST">
  <testcase classname="qaclickacademy.AppiumTest" name="IOSapp" time="0.011"/>
  <testcase classname="qaclickacademy.AppiumTest" name="NativeAndroidapp" time="0.003"/>
  <testcase classname="qaclickacademy.SeleniumTest" name="Browserautomation" time="0.001"/>
  <testcase classname="qaclickacademy.SeleniumTest" name="elementsUI" time="0.003"/>
</testsuite> <!-- Test -->
