<?xml version="1.0" encoding="UTF-8"?>
<testng-results ignored="0" total="4" passed="4" failed="0" skipped="0">
  <reporter-output>
  </reporter-output>
  <suite started-at="2022-04-11T03:28:10 IST" name="Suite" finished-at="2022-04-11T03:28:10 IST" duration-ms="119">
    <groups>
    </groups>
    <test started-at="2022-04-11T03:28:10 IST" name="Test" finished-at="2022-04-11T03:28:10 IST" duration-ms="119">
      <class name="qaclickacademy.AppiumTest">
        <test-method signature="IOSapp()[pri:0, instance:qaclickacademy.AppiumTest@130161f7]" started-at="2022-04-11T03:28:10 IST" name="IOSapp" finished-at="2022-04-11T03:28:10 IST" duration-ms="11" status="PASS">
          <reporter-output>
          </reporter-output>
        </test-method> <!-- IOSapp -->
        <test-method signature="NativeAndroidapp()[pri:0, instance:qaclickacademy.AppiumTest@130161f7]" started-at="2022-04-11T03:28:10 IST" name="NativeAndroidapp" finished-at="2022-04-11T03:28:10 IST" duration-ms="3" status="PASS">
          <reporter-output>
          </reporter-output>
        </test-method> <!-- NativeAndroidapp -->
      </class> <!-- qaclickacademy.AppiumTest -->
      <class name="qaclickacademy.SeleniumTest">
        <test-method signature="Browserautomation()[pri:0, instance:qaclickacademy.SeleniumTest@16ec5519]" started-at="2022-04-11T03:28:10 IST" name="Browserautomation" finished-at="2022-04-11T03:28:10 IST" duration-ms="1" status="PASS">
          <reporter-output>
          </reporter-output>
        </test-method> <!-- Browserautomation -->
        <test-method signature="elementsUI()[pri:0, instance:qaclickacademy.SeleniumTest@16ec5519]" started-at="2022-04-11T03:28:10 IST" name="elementsUI" finished-at="2022-04-11T03:28:10 IST" duration-ms="3" status="PASS">
          <reporter-output>
          </reporter-output>
        </test-method> <!-- elementsUI -->
      </class> <!-- qaclickacademy.SeleniumTest -->
    </test> <!-- Test -->
  </suite> <!-- Suite -->
</testng-results>
