<?xml version="1.0" encoding="UTF-8"?>
<testng-results ignored="0" total="2" passed="2" failed="0" skipped="0">
  <reporter-output>
  </reporter-output>
  <suite started-at="2022-04-10T23:22:02 IST" name="Default suite" finished-at="2022-04-10T23:22:03 IST" duration-ms="61">
    <groups>
    </groups>
    <test started-at="2022-04-10T23:22:02 IST" name="Default test" finished-at="2022-04-10T23:22:03 IST" duration-ms="61">
      <class name="qaclickacademy.AppiumTest">
        <test-method signature="IOSapp()[pri:0, instance:qaclickacademy.AppiumTest@209da20d]" started-at="2022-04-10T23:22:03 IST" name="IOSapp" finished-at="2022-04-10T23:22:03 IST" duration-ms="10" status="PASS">
          <reporter-output>
          </reporter-output>
        </test-method> <!-- IOSapp -->
        <test-method signature="NativeAndroidapp()[pri:0, instance:qaclickacademy.AppiumTest@209da20d]" started-at="2022-04-10T23:22:03 IST" name="NativeAndroidapp" finished-at="2022-04-10T23:22:03 IST" duration-ms="1" status="PASS">
          <reporter-output>
          </reporter-output>
        </test-method> <!-- NativeAndroidapp -->
      </class> <!-- qaclickacademy.AppiumTest -->
    </test> <!-- Default test -->
  </suite> <!-- Default suite -->
</testng-results>
